WARNING: A terminally deprecated method in sun.misc.Unsafe has been called
WARNING: sun.misc.Unsafe::staticFieldBase has been called by com.google.inject.internal.aop.HiddenClassDefiner (file:/opt/homebrew/Cellar/maven/3.9.11/libexec/lib/guice-5.1.0-classes.jar)
WARNING: Please consider reporting this to the maintainers of class com.google.inject.internal.aop.HiddenClassDefiner
WARNING: sun.misc.Unsafe::staticFieldBase will be removed in a future release
[INFO] Scanning for projects...
[INFO] 
[INFO] -----------------------< com.hospomate:backend >------------------------
[INFO] Building backend 0.0.1-SNAPSHOT
[INFO]   from pom.xml
[INFO] --------------------------------[ jar ]---------------------------------
[INFO] 
[INFO] >>> spring-boot:3.2.2:run (default-cli) > test-compile @ backend >>>
[INFO] 
[INFO] --- resources:3.3.1:resources (default-resources) @ backend ---
[INFO] Copying 1 resource from src/main/resources to target/classes
[INFO] Copying 0 resource from src/main/resources to target/classes
[INFO] 
[INFO] --- compiler:3.11.0:compile (default-compile) @ backend ---
[INFO] Nothing to compile - all classes are up to date
[INFO] 
[INFO] --- resources:3.3.1:testResources (default-testResources) @ backend ---
[INFO] skip non existing resourceDirectory /Users/vicky/Documents/HospoMate/backend/src/test/resources
[INFO] 
[INFO] --- compiler:3.11.0:testCompile (default-testCompile) @ backend ---
[INFO] No sources to compile
[INFO] 
[INFO] <<< spring-boot:3.2.2:run (default-cli) < test-compile @ backend <<<
[INFO] 
[INFO] 
[INFO] --- spring-boot:3.2.2:run (default-cli) @ backend ---
[INFO] Attaching agents: []

  .   ____          _            __ _ _
 /\\ / ___'_ __ _ _(_)_ __  __ _ \ \ \ \
( ( )\___ | '_ | '_| | '_ \/ _` | \ \ \ \
 \\/  ___)| |_)| | | | | || (_| |  ) ) ) )
  '  |____| .__|_| |_|_| |_\__, | / / / /
 =========|_|==============|___/=/_/_/_/
 :: Spring Boot ::                (v3.2.2)

2026-02-20T19:28:17.141+11:00  INFO 43984 --- [hospomate-backend] [           main] com.hospomate.HospoMateApplication       : Starting HospoMateApplication using Java 25 with PID 43984 (/Users/vicky/Documents/HospoMate/backend/target/classes started by vicky in /Users/vicky/Documents/HospoMate/backend)
2026-02-20T19:28:17.142+11:00  INFO 43984 --- [hospomate-backend] [           main] com.hospomate.HospoMateApplication       : No active profile set, falling back to 1 default profile: "default"
2026-02-20T19:28:17.520+11:00  INFO 43984 --- [hospomate-backend] [           main] .s.d.r.c.RepositoryConfigurationDelegate : Bootstrapping Spring Data JPA repositories in DEFAULT mode.
2026-02-20T19:28:17.598+11:00  INFO 43984 --- [hospomate-backend] [           main] .s.d.r.c.RepositoryConfigurationDelegate : Finished Spring Data repository scanning in 75 ms. Found 16 JPA repository interfaces.
WARNING: A restricted method in java.lang.System has been called
WARNING: java.lang.System::load has been called by org.apache.tomcat.jni.Library in an unnamed module (file:/Users/vicky/.m2/repository/org/apache/tomcat/embed/tomcat-embed-core/10.1.18/tomcat-embed-core-10.1.18.jar)
WARNING: Use --enable-native-access=ALL-UNNAMED to avoid a warning for callers in this module
WARNING: Restricted methods will be blocked in a future release unless native access is enabled

2026-02-20T19:28:17.813+11:00  INFO 43984 --- [hospomate-backend] [           main] o.s.b.w.embedded.tomcat.TomcatWebServer  : Tomcat initialized with port 8080 (http)
2026-02-20T19:28:17.819+11:00  INFO 43984 --- [hospomate-backend] [           main] o.apache.catalina.core.StandardService   : Starting service [Tomcat]
2026-02-20T19:28:17.819+11:00  INFO 43984 --- [hospomate-backend] [           main] o.apache.catalina.core.StandardEngine    : Starting Servlet engine: [Apache Tomcat/10.1.18]
2026-02-20T19:28:17.852+11:00  INFO 43984 --- [hospomate-backend] [           main] o.a.c.c.C.[Tomcat].[localhost].[/]       : Initializing Spring embedded WebApplicationContext
2026-02-20T19:28:17.852+11:00  INFO 43984 --- [hospomate-backend] [           main] w.s.c.ServletWebServerApplicationContext : Root WebApplicationContext: initialization completed in 611 ms
2026-02-20T19:28:17.921+11:00  INFO 43984 --- [hospomate-backend] [           main] o.hibernate.jpa.internal.util.LogHelper  : HHH000204: Processing PersistenceUnitInfo [name: default]
2026-02-20T19:28:17.943+11:00  INFO 43984 --- [hospomate-backend] [           main] org.hibernate.Version                    : HHH000412: Hibernate ORM core version 6.4.1.Final
2026-02-20T19:28:17.956+11:00  INFO 43984 --- [hospomate-backend] [           main] o.h.c.internal.RegionFactoryInitiator    : HHH000026: Second-level cache disabled
2026-02-20T19:28:18.059+11:00  INFO 43984 --- [hospomate-backend] [           main] o.s.o.j.p.SpringPersistenceUnitInfo      : No LoadTimeWeaver setup: ignoring JPA class transformer
2026-02-20T19:28:18.070+11:00  INFO 43984 --- [hospomate-backend] [           main] com.zaxxer.hikari.HikariDataSource       : HikariPool-1 - Starting...
2026-02-20T19:28:18.153+11:00  INFO 43984 --- [hospomate-backend] [           main] com.zaxxer.hikari.pool.HikariPool        : HikariPool-1 - Added connection org.postgresql.jdbc.PgConnection@4e2109fe
2026-02-20T19:28:18.153+11:00  INFO 43984 --- [hospomate-backend] [           main] com.zaxxer.hikari.HikariDataSource       : HikariPool-1 - Start completed.
2026-02-20T19:28:18.169+11:00  WARN 43984 --- [hospomate-backend] [           main] org.hibernate.orm.deprecation            : HHH90000025: PostgreSQLDialect does not need to be specified explicitly using 'hibernate.dialect' (remove the property setting and it will be selected by default)
2026-02-20T19:28:18.646+11:00  INFO 43984 --- [hospomate-backend] [           main] o.h.e.t.j.p.i.JtaPlatformInitiator       : HHH000489: No JTA platform available (set 'hibernate.transaction.jta.platform' to enable JTA platform integration)
2026-02-20T19:28:18.794+11:00  INFO 43984 --- [hospomate-backend] [           main] j.LocalContainerEntityManagerFactoryBean : Initialized JPA EntityManagerFactory for persistence unit 'default'
2026-02-20T19:28:23.196+11:00  INFO 43984 --- [hospomate-backend] [           main] ai.djl.util.Platform                     : Found matching platform from: jar:file:/Users/vicky/.m2/repository/ai/djl/huggingface/tokenizers/0.26.0/tokenizers-0.26.0.jar!/native/lib/tokenizers.properties
2026-02-20T19:28:23.960+11:00  INFO 43984 --- [hospomate-backend] [           main] o.s.a.t.TransformersEmbeddingModel       : Model input names: input_ids, attention_mask, token_type_ids
2026-02-20T19:28:23.961+11:00  INFO 43984 --- [hospomate-backend] [           main] o.s.a.t.TransformersEmbeddingModel       : Model output names: last_hidden_state
ChatController initialized with vectorStore: org.springframework.ai.vectorstore.PgVectorStore
2026-02-20T19:28:24.238+11:00  INFO 43984 --- [hospomate-backend] [           main] o.s.d.j.r.query.QueryEnhancerFactory     : Hibernate is in classpath; If applicable, HQL parser will be used.
2026-02-20T19:28:24.682+11:00 DEBUG 43984 --- [hospomate-backend] [           main] s.w.s.m.m.a.RequestMappingHandlerMapping : 58 mappings in 'requestMappingHandlerMapping'
2026-02-20T19:28:24.696+11:00 DEBUG 43984 --- [hospomate-backend] [           main] o.s.w.s.handler.SimpleUrlHandlerMapping  : Patterns [/webjars/**, /**] in 'resourceHandlerMapping'
2026-02-20T19:28:24.718+11:00 DEBUG 43984 --- [hospomate-backend] [           main] s.w.s.m.m.a.RequestMappingHandlerAdapter : ControllerAdvice beans: 0 @ModelAttribute, 0 @InitBinder, 1 RequestBodyAdvice, 1 ResponseBodyAdvice
2026-02-20T19:28:24.747+11:00 DEBUG 43984 --- [hospomate-backend] [           main] .m.m.a.ExceptionHandlerExceptionResolver : ControllerAdvice beans: 0 @ExceptionHandler, 1 ResponseBodyAdvice
2026-02-20T19:28:24.850+11:00  WARN 43984 --- [hospomate-backend] [           main] ConfigServletWebServerApplicationContext : Exception encountered during context initialization - cancelling refresh attempt: org.springframework.context.ApplicationContextException: Failed to start bean 'webServerStartStop'
2026-02-20T19:28:24.851+11:00  INFO 43984 --- [hospomate-backend] [           main] j.LocalContainerEntityManagerFactoryBean : Closing JPA EntityManagerFactory for persistence unit 'default'
2026-02-20T19:28:24.853+11:00  INFO 43984 --- [hospomate-backend] [           main] com.zaxxer.hikari.HikariDataSource       : HikariPool-1 - Shutdown initiated...
2026-02-20T19:28:24.854+11:00  INFO 43984 --- [hospomate-backend] [           main] com.zaxxer.hikari.HikariDataSource       : HikariPool-1 - Shutdown completed.
2026-02-20T19:28:24.862+11:00  INFO 43984 --- [hospomate-backend] [           main] .s.b.a.l.ConditionEvaluationReportLogger : 

Error starting ApplicationContext. To display the condition evaluation report re-run your application with 'debug' enabled.
2026-02-20T19:28:24.872+11:00 ERROR 43984 --- [hospomate-backend] [           main] o.s.b.d.LoggingFailureAnalysisReporter   : 

***************************
APPLICATION FAILED TO START
***************************

Description:

Web server failed to start. Port 8080 was already in use.

Action:

Identify and stop the process that's listening on port 8080 or configure this application to listen on another port.

[INFO] ------------------------------------------------------------------------
[INFO] BUILD FAILURE
[INFO] ------------------------------------------------------------------------
[INFO] Total time:  9.034 s
[INFO] Finished at: 2026-02-20T19:28:25+11:00
[INFO] ------------------------------------------------------------------------
[ERROR] Failed to execute goal org.springframework.boot:spring-boot-maven-plugin:3.2.2:run (default-cli) on project backend: Process terminated with exit code: 1 -> [Help 1]
[ERROR] 
[ERROR] To see the full stack trace of the errors, re-run Maven with the -e switch.
[ERROR] Re-run Maven using the -X switch to enable full debug logging.
[ERROR] 
[ERROR] For more information about the errors and possible solutions, please read the following articles:
[ERROR] [Help 1] http://cwiki.apache.org/confluence/display/MAVEN/MojoExecutionException
